<html>
<head>
<title>TestNG:  Test</title>
<link href="../testng.css" rel="stylesheet" type="text/css" />
<link href="../my-testng.css" rel="stylesheet" type="text/css" />

<style type="text/css">
.log { display: none;} 
.stack-trace { display: none;} 
</style>
<script type="text/javascript">
<!--
function flip(e) {
  current = e.style.display;
  if (current == 'block') {
    e.style.display = 'none';
    return 0;
  }
  else {
    e.style.display = 'block';
    return 1;
  }
}

function toggleBox(szDivId, elem, msg1, msg2)
{
  var res = -1;  if (document.getElementById) {
    res = flip(document.getElementById(szDivId));
  }
  else if (document.all) {
    // this is the way old msie versions work
    res = flip(document.all[szDivId]);
  }
  if(elem) {
    if(res == 0) elem.innerHTML = msg1; else elem.innerHTML = msg2;
  }

}

function toggleAllBoxes() {
  if (document.getElementsByTagName) {
    d = document.getElementsByTagName('div');
    for (i = 0; i < d.length; i++) {
      if (d[i].className == 'log') {
        flip(d[i]);
      }
    }
  }
}

// -->
</script>

</head>
<body>
<h2 align='center'>Test</h2><table border='1' align="center">
<tr>
<td>Tests passed/Failed/Skipped:</td><td>32/3/0</td>
</tr><tr>
<td>Started on:</td><td>Sat Dec 16 14:09:38 IST 2023</td>
</tr>
<tr><td>Total time:</td><td>264 seconds (264430 ms)</td>
</tr><tr>
<td>Included groups:</td><td></td>
</tr><tr>
<td>Excluded groups:</td><td></td>
</tr>
</table><p/>
<small><i>(Hover the method name to see the test class name)</i></small><p/>
<table width='100%' border='1' class='invocation-failed'>
<tr><td colspan='4' align='center'><b>FAILED TESTS</b></td></tr>
<tr><td><b>Test method</b></td>
<td><b>Attribute(s)</b></td>
<td width="30%"><b>Exception</b></td>
<td width="10%"><b>Time (seconds)</b></td>
<td><b>Instance</b></td>
</tr>
<tr>
<td title='testCases.VerifyMultipleCredentialsTest.loginToAppWithMultiCredsTest()'><b>loginToAppWithMultiCredsTest</b><br>Test class: testCases.VerifyMultipleCredentialsTest<br>Parameters: pooja, secret_sauce</td>
<td><div><pre>java.lang.AssertionError: The following asserts failed:
	expected [https://www.saucedemo.com/] but found [https://www.saucedemo.com/inventory.html]
	at testCases.VerifyMultipleCredentialsTest.loginToAppWithMultiCredsTest(VerifyMultipleCredentialsTest.java:68)
	at java.base/java.util.ArrayList.forEach(ArrayList.java:1511)
... Removed 29 stack frames</pre></div><a href='#' onClick='toggleBox("stack-trace1664806379", this, "Click to show all stack frames", "Click to hide stack frames")'>Click to show all stack frames</a>
<div class='stack-trace' id='stack-trace1664806379'><pre>java.lang.AssertionError: The following asserts failed:
	expected [https://www.saucedemo.com/] but found [https://www.saucedemo.com/inventory.html]
	at org.testng.asserts.SoftAssert.assertAll(SoftAssert.java:46)
	at org.testng.asserts.SoftAssert.assertAll(SoftAssert.java:30)
	at testCases.VerifyMultipleCredentialsTest.loginToAppWithMultiCredsTest(VerifyMultipleCredentialsTest.java:68)
	at java.base/jdk.internal.reflect.NativeMethodAccessorImpl.invoke0(Native Method)
	at java.base/jdk.internal.reflect.NativeMethodAccessorImpl.invoke(NativeMethodAccessorImpl.java:77)
	at java.base/jdk.internal.reflect.DelegatingMethodAccessorImpl.invoke(DelegatingMethodAccessorImpl.java:43)
	at java.base/java.lang.reflect.Method.invoke(Method.java:568)
	at org.testng.internal.invokers.MethodInvocationHelper.invokeMethod(MethodInvocationHelper.java:139)
	at org.testng.internal.invokers.TestInvoker.invokeMethod(TestInvoker.java:677)
	at org.testng.internal.invokers.TestInvoker.invokeTestMethod(TestInvoker.java:221)
	at org.testng.internal.invokers.MethodRunner.runInSequence(MethodRunner.java:50)
	at org.testng.internal.invokers.TestInvoker$MethodInvocationAgent.invoke(TestInvoker.java:969)
	at org.testng.internal.invokers.TestInvoker.invokeTestMethods(TestInvoker.java:194)
	at org.testng.internal.invokers.TestMethodWorker.invokeTestMethods(TestMethodWorker.java:148)
	at org.testng.internal.invokers.TestMethodWorker.run(TestMethodWorker.java:128)
	at java.base/java.util.ArrayList.forEach(ArrayList.java:1511)
	at org.testng.TestRunner.privateRun(TestRunner.java:829)
	at org.testng.TestRunner.run(TestRunner.java:602)
	at org.testng.SuiteRunner.runTest(SuiteRunner.java:437)
	at org.testng.SuiteRunner.runSequentially(SuiteRunner.java:431)
	at org.testng.SuiteRunner.privateRun(SuiteRunner.java:391)
	at org.testng.SuiteRunner.run(SuiteRunner.java:330)
	at org.testng.SuiteRunnerWorker.runSuite(SuiteRunnerWorker.java:52)
	at org.testng.SuiteRunnerWorker.run(SuiteRunnerWorker.java:95)
	at org.testng.TestNG.runSuitesSequentially(TestNG.java:1256)
	at org.testng.TestNG.runSuitesLocally(TestNG.java:1176)
	at org.testng.TestNG.runSuites(TestNG.java:1099)
	at org.testng.TestNG.run(TestNG.java:1067)
	at org.testng.remote.AbstractRemoteTestNG.run(AbstractRemoteTestNG.java:115)
	at org.testng.remote.RemoteTestNG.initAndRun(RemoteTestNG.java:251)
	at org.testng.remote.RemoteTestNG.main(RemoteTestNG.java:77)
</pre></div></td>
<td>0</td>
<td>testCases.VerifyMultipleCredentialsTest@1a72a540</td></tr>
<tr>
<td title='testCases.VerifyMultipleCredentialsTest.loginToAppWithMultiCredsTest()'><b>loginToAppWithMultiCredsTest</b><br>Test class: testCases.VerifyMultipleCredentialsTest<br>Parameters: pooja, kularni</td>
<td><div><pre>java.lang.AssertionError: The following asserts failed:
	expected [https://www.saucedemo.com/] but found [https://www.saucedemo.com/inventory.html]
	at testCases.VerifyMultipleCredentialsTest.loginToAppWithMultiCredsTest(VerifyMultipleCredentialsTest.java:68)
	at java.base/java.util.ArrayList.forEach(ArrayList.java:1511)
... Removed 29 stack frames</pre></div><a href='#' onClick='toggleBox("stack-trace1072223610", this, "Click to show all stack frames", "Click to hide stack frames")'>Click to show all stack frames</a>
<div class='stack-trace' id='stack-trace1072223610'><pre>java.lang.AssertionError: The following asserts failed:
	expected [https://www.saucedemo.com/] but found [https://www.saucedemo.com/inventory.html]
	at org.testng.asserts.SoftAssert.assertAll(SoftAssert.java:46)
	at org.testng.asserts.SoftAssert.assertAll(SoftAssert.java:30)
	at testCases.VerifyMultipleCredentialsTest.loginToAppWithMultiCredsTest(VerifyMultipleCredentialsTest.java:68)
	at java.base/jdk.internal.reflect.NativeMethodAccessorImpl.invoke0(Native Method)
	at java.base/jdk.internal.reflect.NativeMethodAccessorImpl.invoke(NativeMethodAccessorImpl.java:77)
	at java.base/jdk.internal.reflect.DelegatingMethodAccessorImpl.invoke(DelegatingMethodAccessorImpl.java:43)
	at java.base/java.lang.reflect.Method.invoke(Method.java:568)
	at org.testng.internal.invokers.MethodInvocationHelper.invokeMethod(MethodInvocationHelper.java:139)
	at org.testng.internal.invokers.TestInvoker.invokeMethod(TestInvoker.java:677)
	at org.testng.internal.invokers.TestInvoker.invokeTestMethod(TestInvoker.java:221)
	at org.testng.internal.invokers.MethodRunner.runInSequence(MethodRunner.java:50)
	at org.testng.internal.invokers.TestInvoker$MethodInvocationAgent.invoke(TestInvoker.java:969)
	at org.testng.internal.invokers.TestInvoker.invokeTestMethods(TestInvoker.java:194)
	at org.testng.internal.invokers.TestMethodWorker.invokeTestMethods(TestMethodWorker.java:148)
	at org.testng.internal.invokers.TestMethodWorker.run(TestMethodWorker.java:128)
	at java.base/java.util.ArrayList.forEach(ArrayList.java:1511)
	at org.testng.TestRunner.privateRun(TestRunner.java:829)
	at org.testng.TestRunner.run(TestRunner.java:602)
	at org.testng.SuiteRunner.runTest(SuiteRunner.java:437)
	at org.testng.SuiteRunner.runSequentially(SuiteRunner.java:431)
	at org.testng.SuiteRunner.privateRun(SuiteRunner.java:391)
	at org.testng.SuiteRunner.run(SuiteRunner.java:330)
	at org.testng.SuiteRunnerWorker.runSuite(SuiteRunnerWorker.java:52)
	at org.testng.SuiteRunnerWorker.run(SuiteRunnerWorker.java:95)
	at org.testng.TestNG.runSuitesSequentially(TestNG.java:1256)
	at org.testng.TestNG.runSuitesLocally(TestNG.java:1176)
	at org.testng.TestNG.runSuites(TestNG.java:1099)
	at org.testng.TestNG.run(TestNG.java:1067)
	at org.testng.remote.AbstractRemoteTestNG.run(AbstractRemoteTestNG.java:115)
	at org.testng.remote.RemoteTestNG.initAndRun(RemoteTestNG.java:251)
	at org.testng.remote.RemoteTestNG.main(RemoteTestNG.java:77)
</pre></div></td>
<td>0</td>
<td>testCases.VerifyMultipleCredentialsTest@1a72a540</td></tr>
<tr>
<td title='testCases.VerifyMultipleCredentialsTest.loginToAppWithMultiCredsTest()'><b>loginToAppWithMultiCredsTest</b><br>Test class: testCases.VerifyMultipleCredentialsTest<br>Parameters: standard_user, pooja</td>
<td><div><pre>java.lang.AssertionError: The following asserts failed:
	expected [https://www.saucedemo.com/] but found [https://www.saucedemo.com/inventory.html]
	at testCases.VerifyMultipleCredentialsTest.loginToAppWithMultiCredsTest(VerifyMultipleCredentialsTest.java:68)
	at java.base/java.util.ArrayList.forEach(ArrayList.java:1511)
... Removed 29 stack frames</pre></div><a href='#' onClick='toggleBox("stack-trace1257449236", this, "Click to show all stack frames", "Click to hide stack frames")'>Click to show all stack frames</a>
<div class='stack-trace' id='stack-trace1257449236'><pre>java.lang.AssertionError: The following asserts failed:
	expected [https://www.saucedemo.com/] but found [https://www.saucedemo.com/inventory.html]
	at org.testng.asserts.SoftAssert.assertAll(SoftAssert.java:46)
	at org.testng.asserts.SoftAssert.assertAll(SoftAssert.java:30)
	at testCases.VerifyMultipleCredentialsTest.loginToAppWithMultiCredsTest(VerifyMultipleCredentialsTest.java:68)
	at java.base/jdk.internal.reflect.NativeMethodAccessorImpl.invoke0(Native Method)
	at java.base/jdk.internal.reflect.NativeMethodAccessorImpl.invoke(NativeMethodAccessorImpl.java:77)
	at java.base/jdk.internal.reflect.DelegatingMethodAccessorImpl.invoke(DelegatingMethodAccessorImpl.java:43)
	at java.base/java.lang.reflect.Method.invoke(Method.java:568)
	at org.testng.internal.invokers.MethodInvocationHelper.invokeMethod(MethodInvocationHelper.java:139)
	at org.testng.internal.invokers.TestInvoker.invokeMethod(TestInvoker.java:677)
	at org.testng.internal.invokers.TestInvoker.invokeTestMethod(TestInvoker.java:221)
	at org.testng.internal.invokers.MethodRunner.runInSequence(MethodRunner.java:50)
	at org.testng.internal.invokers.TestInvoker$MethodInvocationAgent.invoke(TestInvoker.java:969)
	at org.testng.internal.invokers.TestInvoker.invokeTestMethods(TestInvoker.java:194)
	at org.testng.internal.invokers.TestMethodWorker.invokeTestMethods(TestMethodWorker.java:148)
	at org.testng.internal.invokers.TestMethodWorker.run(TestMethodWorker.java:128)
	at java.base/java.util.ArrayList.forEach(ArrayList.java:1511)
	at org.testng.TestRunner.privateRun(TestRunner.java:829)
	at org.testng.TestRunner.run(TestRunner.java:602)
	at org.testng.SuiteRunner.runTest(SuiteRunner.java:437)
	at org.testng.SuiteRunner.runSequentially(SuiteRunner.java:431)
	at org.testng.SuiteRunner.privateRun(SuiteRunner.java:391)
	at org.testng.SuiteRunner.run(SuiteRunner.java:330)
	at org.testng.SuiteRunnerWorker.runSuite(SuiteRunnerWorker.java:52)
	at org.testng.SuiteRunnerWorker.run(SuiteRunnerWorker.java:95)
	at org.testng.TestNG.runSuitesSequentially(TestNG.java:1256)
	at org.testng.TestNG.runSuitesLocally(TestNG.java:1176)
	at org.testng.TestNG.runSuites(TestNG.java:1099)
	at org.testng.TestNG.run(TestNG.java:1067)
	at org.testng.remote.AbstractRemoteTestNG.run(AbstractRemoteTestNG.java:115)
	at org.testng.remote.RemoteTestNG.initAndRun(RemoteTestNG.java:251)
	at org.testng.remote.RemoteTestNG.main(RemoteTestNG.java:77)
</pre></div></td>
<td>0</td>
<td>testCases.VerifyMultipleCredentialsTest@1a72a540</td></tr>
</table><p>
<table width='100%' border='1' class='invocation-passed'>
<tr><td colspan='4' align='center'><b>PASSED TESTS</b></td></tr>
<tr><td><b>Test method</b></td>
<td><b>Attribute(s)</b></td>
<td width="30%"><b>Exception</b></td>
<td width="10%"><b>Time (seconds)</b></td>
<td><b>Instance</b></td>
</tr>
<tr>
<td title='testCases.check_out_page1_test.verifyCheckOutPageLinkedInLogo()'><b>verifyCheckOutPageLinkedInLogo</b><br>Test class: testCases.check_out_page1_test<br/>
<a href="#Output-882181333" onClick='toggleBox("Output-882181333", this, "Show output", "Hide output");'>Show output</a>

<a href="#Output-882181333" onClick="toggleAllBoxes();">Show all outputs</a>
<div class='log' id="Output-882181333">
Visibility of checkout page linkedin Logo = true<br/>
</div>
</td>
<td></td>
<td>0</td>
<td>testCases.check_out_page1_test@4e31276e</td></tr>
<tr>
<td title='testCases.Inventory_page_2_Test.verifyproductsLableTest()'><b>verifyproductsLableTest</b><br>Test class: testCases.Inventory_page_2_Test<br/>
<a href="#Output-1561524882" onClick='toggleBox("Output-1561524882", this, "Show output", "Hide output");'>Show output</a>

<a href="#Output-1561524882" onClick="toggleAllBoxes();">Show all outputs</a>
<div class='log' id="Output-1561524882">
Lable of Inventory Page = Products<br/>
</div>
</td>
<td></td>
<td>0</td>
<td>testCases.Inventory_page_2_Test@27d5a580</td></tr>
<tr>
<td title='testCases.Inventory_page_2_Test.remove2Products()'><b>remove2Products</b><br>Test class: testCases.Inventory_page_2_Test<br/>
<a href="#Output-1247051677" onClick='toggleBox("Output-1247051677", this, "Show output", "Hide output");'>Show output</a>

<a href="#Output-1247051677" onClick="toggleAllBoxes();">Show all outputs</a>
<div class='log' id="Output-1247051677">
Count of product after removing 4<br/>
</div>
</td>
<td></td>
<td>2</td>
<td>testCases.Inventory_page_2_Test@27d5a580</td></tr>
<tr>
<td title='testCases.check_out_page1_test.clickOnCancelBtn()'><b>clickOnCancelBtn</b><br>Test class: testCases.check_out_page1_test<br/>
<a href="#Output-1152504570" onClick='toggleBox("Output-1152504570", this, "Show output", "Hide output");'>Show output</a>

<a href="#Output-1152504570" onClick="toggleAllBoxes();">Show all outputs</a>
<div class='log' id="Output-1152504570">
Clickon cancelbtn of checkout page1 https://www.saucedemo.com/cart.html<br/>
</div>
</td>
<td></td>
<td>0</td>
<td>testCases.check_out_page1_test@4e31276e</td></tr>
<tr>
<td title='testCases.complete_page2_Test.verifycheckoutCompleteLableTest()'><b>verifycheckoutCompleteLableTest</b><br>Test class: testCases.complete_page2_Test<br/>
<a href="#Output-297795507" onClick='toggleBox("Output-297795507", this, "Show output", "Hide output");'>Show output</a>

<a href="#Output-297795507" onClick="toggleAllBoxes();">Show all outputs</a>
<div class='log' id="Output-297795507">
Complete Level Page Lable Checkout: Complete!<br/>
</div>
</td>
<td></td>
<td>0</td>
<td>testCases.complete_page2_Test@5170bcf4</td></tr>
<tr>
<td title='testCases.cartPageTest.verifyCartPageTwitterLogo()'><b>verifyCartPageTwitterLogo</b><br>Test class: testCases.cartPageTest<br/>
<a href="#Output-1076358635" onClick='toggleBox("Output-1076358635", this, "Show output", "Hide output");'>Show output</a>

<a href="#Output-1076358635" onClick="toggleAllBoxes();">Show all outputs</a>
<div class='log' id="Output-1076358635">
Visibility of Cart page Logo = true<br/>
</div>
</td>
<td></td>
<td>2</td>
<td>testCases.cartPageTest@df6620a</td></tr>
<tr>
<td title='testCases.Inventory_page_2_Test.verifytwitterLogoTest()'><b>verifytwitterLogoTest</b><br>Test class: testCases.Inventory_page_2_Test<br/>
<a href="#Output-445239365" onClick='toggleBox("Output-445239365", this, "Show output", "Hide output");'>Show output</a>

<a href="#Output-445239365" onClick="toggleAllBoxes();">Show all outputs</a>
<div class='log' id="Output-445239365">
Visibility of Twitter Logo = true<br/>
</div>
</td>
<td></td>
<td>0</td>
<td>testCases.Inventory_page_2_Test@27d5a580</td></tr>
<tr>
<td title='testCases.complete_page2_Test.verifyBackHomebtnTest()'><b>verifyBackHomebtnTest</b><br>Test class: testCases.complete_page2_Test<br/>
<a href="#Output-2100073313" onClick='toggleBox("Output-2100073313", this, "Show output", "Hide output");'>Show output</a>

<a href="#Output-2100073313" onClick="toggleAllBoxes();">Show all outputs</a>
<div class='log' id="Output-2100073313">
Url of Page https://www.saucedemo.com/inventory.html<br/>
</div>
</td>
<td></td>
<td>0</td>
<td>testCases.complete_page2_Test@5170bcf4</td></tr>
<tr>
<td title='testCases.cartPageTest.verifyUrlCheckout()'><b>verifyUrlCheckout</b><br>Test class: testCases.cartPageTest</td>
<td></td>
<td>4</td>
<td>testCases.cartPageTest@df6620a</td></tr>
<tr>
<td title='testCases.cartPageTest.verifytQTYLable()'><b>verifytQTYLable</b><br>Test class: testCases.cartPageTest</td>
<td></td>
<td>2</td>
<td>testCases.cartPageTest@df6620a</td></tr>
<tr>
<td title='testCases.LoginPageTest.loginToApplicationTest()'><b>loginToApplicationTest</b><br>Test class: testCases.LoginPageTest</td>
<td></td>
<td>0</td>
<td>testCases.LoginPageTest@2812b107</td></tr>
<tr>
<td title='testCases.cartPageTest.verifyCartDescriptionLable()'><b>verifyCartDescriptionLable</b><br>Test class: testCases.cartPageTest</td>
<td></td>
<td>2</td>
<td>testCases.cartPageTest@df6620a</td></tr>
<tr>
<td title='testCases.VerifyMultipleCredentialsTest.loginToAppWithMultiCredsTest()'><b>loginToAppWithMultiCredsTest</b><br>Test class: testCases.VerifyMultipleCredentialsTest<br>Parameters: standard_user, secret_sauce</td>
<td></td>
<td>0</td>
<td>testCases.VerifyMultipleCredentialsTest@1a72a540</td></tr>
<tr>
<td title='testCases.check_out_page1_test.verifyURLOfCheckOutPage1()'><b>verifyURLOfCheckOutPage1</b><br>Test class: testCases.check_out_page1_test<br/>
<a href="#Output-911396356" onClick='toggleBox("Output-911396356", this, "Show output", "Hide output");'>Show output</a>

<a href="#Output-911396356" onClick="toggleAllBoxes();">Show all outputs</a>
<div class='log' id="Output-911396356">
URL of checkout page1 https://www.saucedemo.com/checkout-step-one.html<br/>
</div>
</td>
<td></td>
<td>0</td>
<td>testCases.check_out_page1_test@4e31276e</td></tr>
<tr>
<td title='testCases.LoginPageTest.verifyURLOfApplicationTest()'><b>verifyURLOfApplicationTest</b><br>Test class: testCases.LoginPageTest</td>
<td></td>
<td>0</td>
<td>testCases.LoginPageTest@2812b107</td></tr>
<tr>
<td title='testCases.check_out_page1_test.verifyChexkOutPageTwitterLogo()'><b>verifyChexkOutPageTwitterLogo</b><br>Test class: testCases.check_out_page1_test<br/>
<a href="#Output-235908822" onClick='toggleBox("Output-235908822", this, "Show output", "Hide output");'>Show output</a>

<a href="#Output-235908822" onClick="toggleAllBoxes();">Show all outputs</a>
<div class='log' id="Output-235908822">
Visibility of checkout page twitter Logo = true<br/>
</div>
</td>
<td></td>
<td>0</td>
<td>testCases.check_out_page1_test@4e31276e</td></tr>
<tr>
<td title='testCases.cartPageTest.remove3ProductCartTest()'><b>remove3ProductCartTest</b><br>Test class: testCases.cartPageTest</td>
<td></td>
<td>2</td>
<td>testCases.cartPageTest@df6620a</td></tr>
<tr>
<td title='testCases.cartPageTest.verifyProductLableCart()'><b>verifyProductLableCart</b><br>Test class: testCases.cartPageTest</td>
<td></td>
<td>0</td>
<td>testCases.cartPageTest@df6620a</td></tr>
<tr>
<td title='testCases.check_out_page1_test.verifyTitleOfApplicationTest()'><b>verifyTitleOfApplicationTest</b><br>Test class: testCases.check_out_page1_test<br/>
<a href="#Output-479086608" onClick='toggleBox("Output-479086608", this, "Show output", "Hide output");'>Show output</a>

<a href="#Output-479086608" onClick="toggleAllBoxes();">Show all outputs</a>
<div class='log' id="Output-479086608">
Title of checkout page1 Checkout: Your Information<br/>
</div>
</td>
<td></td>
<td>0</td>
<td>testCases.check_out_page1_test@4e31276e</td></tr>
<tr>
<td title='testCases.Inventory_page_2_Test.add6ProductsTest()'><b>add6ProductsTest</b><br>Test class: testCases.Inventory_page_2_Test<br/>
<a href="#Output-2091737737" onClick='toggleBox("Output-2091737737", this, "Show output", "Hide output");'>Show output</a>

<a href="#Output-2091737737" onClick="toggleAllBoxes();">Show all outputs</a>
<div class='log' id="Output-2091737737">
Total products added to cart = 6<br/>
</div>
</td>
<td></td>
<td>0</td>
<td>testCases.Inventory_page_2_Test@27d5a580</td></tr>
<tr>
<td title='testCases.check_out_page2_Test.clickOnFinishBtnTest()'><b>clickOnFinishBtnTest</b><br>Test class: testCases.check_out_page2_Test<br/>
<a href="#Output-2100487956" onClick='toggleBox("Output-2100487956", this, "Show output", "Hide output");'>Show output</a>

<a href="#Output-2100487956" onClick="toggleAllBoxes();">Show all outputs</a>
<div class='log' id="Output-2100487956">
finishBtn of check out page 2 https://www.saucedemo.com/checkout-complete.html<br/>
</div>
</td>
<td></td>
<td>0</td>
<td>testCases.check_out_page2_Test@6e15fe2</td></tr>
<tr>
<td title='testCases.check_out_page1_test.InputInformationCheckOutPage1()'><b>InputInformationCheckOutPage1</b><br>Test class: testCases.check_out_page1_test<br/>
<a href="#Output-938056719" onClick='toggleBox("Output-938056719", this, "Show output", "Hide output");'>Show output</a>

<a href="#Output-938056719" onClick="toggleAllBoxes();">Show all outputs</a>
<div class='log' id="Output-938056719">
input info  https://www.saucedemo.com/checkout-step-two.html<br/>
</div>
</td>
<td></td>
<td>0</td>
<td>testCases.check_out_page1_test@4e31276e</td></tr>
<tr>
<td title='testCases.Inventory_page_2_Test.clickCartTest()'><b>clickCartTest</b><br>Test class: testCases.Inventory_page_2_Test<br/>
<a href="#Output-208963026" onClick='toggleBox("Output-208963026", this, "Show output", "Hide output");'>Show output</a>

<a href="#Output-208963026" onClick="toggleAllBoxes();">Show all outputs</a>
<div class='log' id="Output-208963026">
https://www.saucedemo.com/cart.html<br/>
</div>
</td>
<td></td>
<td>0</td>
<td>testCases.Inventory_page_2_Test@27d5a580</td></tr>
<tr>
<td title='testCases.LoginPageTest.verifyTitleOfApplicationTest()'><b>verifyTitleOfApplicationTest</b><br>Test class: testCases.LoginPageTest</td>
<td></td>
<td>1</td>
<td>testCases.LoginPageTest@2812b107</td></tr>
<tr>
<td title='testCases.cartPageTest.verifyContinueShoppingCartUrl()'><b>verifyContinueShoppingCartUrl</b><br>Test class: testCases.cartPageTest</td>
<td></td>
<td>2</td>
<td>testCases.cartPageTest@df6620a</td></tr>
<tr>
<td title='testCases.complete_page2_Test.verifyYourOrderMessageTest()'><b>verifyYourOrderMessageTest</b><br>Test class: testCases.complete_page2_Test<br/>
<a href="#Output-1864744840" onClick='toggleBox("Output-1864744840", this, "Show output", "Hide output");'>Show output</a>

<a href="#Output-1864744840" onClick="toggleAllBoxes();">Show all outputs</a>
<div class='log' id="Output-1864744840">
Text Message You Order Your order has been dispatched, and will arrive just as fast as the pony can get there!<br/>
</div>
</td>
<td></td>
<td>0</td>
<td>testCases.complete_page2_Test@5170bcf4</td></tr>
<tr>
<td title='testCases.cartPageTest.verifyCartUrlApplication()'><b>verifyCartUrlApplication</b><br>Test class: testCases.cartPageTest</td>
<td></td>
<td>0</td>
<td>testCases.cartPageTest@df6620a</td></tr>
<tr>
<td title='testCases.complete_page2_Test.verifyThankyouMessageTest()'><b>verifyThankyouMessageTest</b><br>Test class: testCases.complete_page2_Test<br/>
<a href="#Output-1501382858" onClick='toggleBox("Output-1501382858", this, "Show output", "Hide output");'>Show output</a>

<a href="#Output-1501382858" onClick="toggleAllBoxes();">Show all outputs</a>
<div class='log' id="Output-1501382858">
Text Message Thank You Thank you for your order!<br/>
</div>
</td>
<td></td>
<td>0</td>
<td>testCases.complete_page2_Test@5170bcf4</td></tr>
<tr>
<td title='testCases.check_out_page2_Test.TitleOfApplication()'><b>TitleOfApplication</b><br>Test class: testCases.check_out_page2_Test<br/>
<a href="#Output-1189303711" onClick='toggleBox("Output-1189303711", this, "Show output", "Hide output");'>Show output</a>

<a href="#Output-1189303711" onClick="toggleAllBoxes();">Show all outputs</a>
<div class='log' id="Output-1189303711">
label of check out page 2 Checkout: Overview<br/>
</div>
</td>
<td></td>
<td>0</td>
<td>testCases.check_out_page2_Test@6e15fe2</td></tr>
<tr>
<td title='testCases.cartPageTest.verifyCartPageLinkedInLogo()'><b>verifyCartPageLinkedInLogo</b><br>Test class: testCases.cartPageTest<br/>
<a href="#Output-345518693" onClick='toggleBox("Output-345518693", this, "Show output", "Hide output");'>Show output</a>

<a href="#Output-345518693" onClick="toggleAllBoxes();">Show all outputs</a>
<div class='log' id="Output-345518693">
Visibility of Cart page Logo = true<br/>
</div>
</td>
<td></td>
<td>2</td>
<td>testCases.cartPageTest@df6620a</td></tr>
<tr>
<td title='testCases.check_out_page1_test.verifyCheckOutPageFbLogo()'><b>verifyCheckOutPageFbLogo</b><br>Test class: testCases.check_out_page1_test<br/>
<a href="#Output-789195255" onClick='toggleBox("Output-789195255", this, "Show output", "Hide output");'>Show output</a>

<a href="#Output-789195255" onClick="toggleAllBoxes();">Show all outputs</a>
<div class='log' id="Output-789195255">
Visibility of checkout page fb Logo = true<br/>
</div>
</td>
<td></td>
<td>0</td>
<td>testCases.check_out_page1_test@4e31276e</td></tr>
<tr>
<td title='testCases.cartPageTest.verifyCartPageFbLogo()'><b>verifyCartPageFbLogo</b><br>Test class: testCases.cartPageTest<br/>
<a href="#Output-5525099" onClick='toggleBox("Output-5525099", this, "Show output", "Hide output");'>Show output</a>

<a href="#Output-5525099" onClick="toggleAllBoxes();">Show all outputs</a>
<div class='log' id="Output-5525099">
Visibility of Cart page Logo = true<br/>
</div>
</td>
<td></td>
<td>2</td>
<td>testCases.cartPageTest@df6620a</td></tr>
</table><p>
</body>
</html>