<?xml version="1.0" encoding="UTF-8"?>
<!-- Generated by org.testng.reporters.JUnitXMLReporter -->
<testsuite ignored="0" hostname="Shriprasad" failures="3" tests="35" name="Test" time="264.43" errors="0" timestamp="2023-12-16T14:14:03 IST">
  <testcase classname="testCases.check_out_page2_Test" name="clickOnFinishBtnTest" time="0.076"/>
  <testcase classname="testCases.check_out_page2_Test" name="TitleOfApplication" time="0.027"/>
  <testcase classname="testCases.complete_page2_Test" name="verifyYourOrderMessageTest" time="0.028"/>
  <testcase classname="testCases.complete_page2_Test" name="verifyBackHomebtnTest" time="0.064"/>
  <testcase classname="testCases.complete_page2_Test" name="verifyThankyouMessageTest" time="0.03"/>
  <testcase classname="testCases.complete_page2_Test" name="verifycheckoutCompleteLableTest" time="0.03"/>
  <testcase classname="testCases.LoginPageTest" name="verifyTitleOfApplicationTest" time="1.379"/>
  <testcase classname="testCases.LoginPageTest" name="loginToApplicationTest" time="0.304"/>
  <testcase classname="testCases.LoginPageTest" name="verifyURLOfApplicationTest" time="0.058"/>
  <testcase classname="testCases.cartPageTest" name="remove3ProductCartTest" time="2.203"/>
  <testcase classname="testCases.cartPageTest" name="verifyCartDescriptionLable" time="2.221"/>
  <testcase classname="testCases.cartPageTest" name="verifyCartPageFbLogo" time="2.208"/>
  <testcase classname="testCases.cartPageTest" name="verifyCartPageLinkedInLogo" time="2.217"/>
  <testcase classname="testCases.cartPageTest" name="verifyCartPageTwitterLogo" time="2.215"/>
  <testcase classname="testCases.cartPageTest" name="verifyCartUrlApplication" time="0.047"/>
  <testcase classname="testCases.cartPageTest" name="verifyContinueShoppingCartUrl" time="2.245"/>
  <testcase classname="testCases.cartPageTest" name="verifyProductLableCart" time="0.075"/>
  <testcase classname="testCases.cartPageTest" name="verifyUrlCheckout" time="4.266"/>
  <testcase classname="testCases.cartPageTest" name="verifytQTYLable" time="2.207"/>
  <testcase classname="testCases.check_out_page1_test" name="clickOnCancelBtn" time="0.053"/>
  <testcase classname="testCases.check_out_page1_test" name="verifyChexkOutPageTwitterLogo" time="0.029"/>
  <testcase classname="testCases.check_out_page1_test" name="verifyCheckOutPageFbLogo" time="0.029"/>
  <testcase classname="testCases.check_out_page1_test" name="verifyCheckOutPageLinkedInLogo" time="0.029"/>
  <testcase classname="testCases.check_out_page1_test" name="verifyTitleOfApplicationTest" time="0.018"/>
  <testcase classname="testCases.check_out_page1_test" name="verifyURLOfCheckOutPage1" time="0.005"/>
  <testcase classname="testCases.check_out_page1_test" name="InputInformationCheckOutPage1" time="0.262"/>
  <testcase classname="testCases.VerifyMultipleCredentialsTest" name="loginToAppWithMultiCredsTest" time="0.281"/>
  <testcase classname="testCases.VerifyMultipleCredentialsTest" name="loginToAppWithMultiCredsTest" time="0.233">
    <failure type="java.lang.AssertionError" message="The following asserts failed:
	expected [https://www.saucedemo.com/] but found [https://www.saucedemo.com/inventory.html]">
      <![CDATA[java.lang.AssertionError: The following asserts failed:
expected [https://www.saucedemo.com/] but found [https://www.saucedemo.com/inventory.html]
at testCases.VerifyMultipleCredentialsTest.loginToAppWithMultiCredsTest(VerifyMultipleCredentialsTest.java:68)
at java.base/java.util.ArrayList.forEach(ArrayList.java:1511)
... Removed 29 stack frames]]>
    </failure>
  </testcase> <!-- loginToAppWithMultiCredsTest -->
  <testcase classname="testCases.VerifyMultipleCredentialsTest" name="loginToAppWithMultiCredsTest" time="0.21">
    <failure type="java.lang.AssertionError" message="The following asserts failed:
	expected [https://www.saucedemo.com/] but found [https://www.saucedemo.com/inventory.html]">
      <![CDATA[java.lang.AssertionError: The following asserts failed:
expected [https://www.saucedemo.com/] but found [https://www.saucedemo.com/inventory.html]
at testCases.VerifyMultipleCredentialsTest.loginToAppWithMultiCredsTest(VerifyMultipleCredentialsTest.java:68)
at java.base/java.util.ArrayList.forEach(ArrayList.java:1511)
... Removed 29 stack frames]]>
    </failure>
  </testcase> <!-- loginToAppWithMultiCredsTest -->
  <testcase classname="testCases.VerifyMultipleCredentialsTest" name="loginToAppWithMultiCredsTest" time="0.204">
    <failure type="java.lang.AssertionError" message="The following asserts failed:
	expected [https://www.saucedemo.com/] but found [https://www.saucedemo.com/inventory.html]">
      <![CDATA[java.lang.AssertionError: The following asserts failed:
expected [https://www.saucedemo.com/] but found [https://www.saucedemo.com/inventory.html]
at testCases.VerifyMultipleCredentialsTest.loginToAppWithMultiCredsTest(VerifyMultipleCredentialsTest.java:68)
at java.base/java.util.ArrayList.forEach(ArrayList.java:1511)
... Removed 29 stack frames]]>
    </failure>
  </testcase> <!-- loginToAppWithMultiCredsTest -->
  <testcase classname="testCases.Inventory_page_2_Test" name="verifyproductsLableTest" time="0.075"/>
  <testcase classname="testCases.Inventory_page_2_Test" name="add6ProductsTest" time="0.409"/>
  <testcase classname="testCases.Inventory_page_2_Test" name="clickCartTest" time="0.087"/>
  <testcase classname="testCases.Inventory_page_2_Test" name="remove2Products" time="2.528"/>
  <testcase classname="testCases.Inventory_page_2_Test" name="verifytwitterLogoTest" time="0.035"/>
</testsuite> <!-- Test -->
