<?xml version="1.0" encoding="UTF-8"?>
<!-- Generated by org.testng.reporters.JUnitXMLReporter -->
<testsuite ignored="0" hostname="Shriprasad" failures="2" tests="17" name="Test" time="141.396" errors="0" timestamp="2023-12-04T21:48:40 IST">
  <testcase classname="testCases.LoginPageTest" name="loginToApplicationTest" time="1.683"/>
  <testcase classname="testCases.LoginPageTest" name="verifyTitleOfApplicationTest" time="0.095">
    <failure type="java.lang.AssertionError" message="expected [Swag Labs] but found [https://www.saucedemo.com/]">
      <![CDATA[java.lang.AssertionError: expected [Swag Labs] but found [https://www.saucedemo.com/]
at testCases.LoginPageTest.verifyTitleOfApplicationTest(LoginPageTest.java:31)
at java.base/java.util.ArrayList.forEach(ArrayList.java:1511)
... Removed 33 stack frames]]>
    </failure>
  </testcase> <!-- verifyTitleOfApplicationTest -->
  <testcase classname="testCases.LoginPageTest" name="verifyURLOfApplicationTest" time="0.064"/>
  <testcase classname="testCases.cartPageTest" name="remove3ProductCartTest" time="2.219"/>
  <testcase classname="testCases.cartPageTest" name="verifyCartDescriptionLable" time="2.265"/>
  <testcase classname="testCases.cartPageTest" name="verifyCartPageFbLogo" time="2.265"/>
  <testcase classname="testCases.cartPageTest" name="verifyCartPageLinkedInLogo" time="2.262"/>
  <testcase classname="testCases.cartPageTest" name="verifyCartPageTwitterLogo" time="2.323"/>
  <testcase classname="testCases.cartPageTest" name="verifyCartUrlApplication" time="0.058"/>
  <testcase classname="testCases.cartPageTest" name="verifyContinueShoppingCartUrl" time="2.36"/>
  <testcase classname="testCases.cartPageTest" name="verifyProductLableCart" time="0.083"/>
  <testcase classname="testCases.cartPageTest" name="verifyUrlCheckout" time="4.379"/>
  <testcase classname="testCases.cartPageTest" name="verifytQTYLable" time="2.263"/>
  <testcase classname="testCases.Inventory_page_2_Test" name="add6ProductsTest" time="0.433"/>
  <testcase classname="testCases.Inventory_page_2_Test" name="remove2Products" time="2.578"/>
  <testcase classname="testCases.Inventory_page_2_Test" name="verifyproductsLableTest" time="0.06">
    <failure type="java.lang.AssertionError" message="expected [Products] but found [Swag Labs]">
      <![CDATA[java.lang.AssertionError: expected [Products] but found [Swag Labs]
at testCases.Inventory_page_2_Test.verifyproductsLableTest(Inventory_page_2_Test.java:36)
at java.base/java.util.ArrayList.forEach(ArrayList.java:1511)
... Removed 33 stack frames]]>
    </failure>
  </testcase> <!-- verifyproductsLableTest -->
  <testcase classname="testCases.Inventory_page_2_Test" name="verifytwitterLogoTest" time="0.045"/>
</testsuite> <!-- Test -->
